<?xml version="1.0" encoding="UTF-8"?>
<!-- Generated by org.testng.reporters.JUnitReportReporter -->
<testsuite skipped="0" hostname="DESKTOP-RCAG5PJ" name="test.LoginTest" tests="1" failures="0" timestamp="2021-01-11T14:39:10 CST" time="13.508" errors="0">
  <testcase name="validUserShouldbeAbletoLogin" time="13.508" classname="test.LoginTest"/>
  <system-out/>
</testsuite> <!-- test.LoginTest -->
