<?xml version="1.0" encoding="UTF-8"?>
<!-- Generated by org.testng.reporters.JUnitReportReporter -->
<testsuite skipped="0" hostname="DESKTOP-RCAG5PJ" name="test.AddCustomerTest" tests="1" failures="0" timestamp="2021-01-11T14:47:26 CST" time="27.388" errors="0">
  <testcase name="userShouldbealbetoAddCustomer" time="27.388" classname="test.AddCustomerTest"/>
  <system-out/>
</testsuite> <!-- test.AddCustomerTest -->
